<?xml version="1.0" encoding="UTF-8"?>
<Site BuildName="Win32-make"
	BuildStamp="20231018-1232-Experimental"
	Name="B760M-AORUS-ELI"
	Generator="ctest-3.27.3"
	CompilerName="C:/ProgramData/chocolatey/bin/g++.exe"
	CompilerVersion="12.2.0"
	OSName="Windows"
	Hostname="B760M-AORUS-ELI"
	OSRelease=" Professional"
	OSVersion=" (Build 22621)"
	OSPlatform="AMD64"
	Is64Bits="1"
	VendorString="GenuineIntel"
	VendorID="Intel Corporation"
	FamilyID="6"
	ModelID="7"
	ProcessorCacheSize="-1"
	NumberOfLogicalCPU="24"
	NumberOfPhysicalCPU="16"
	TotalVirtualMemory="25390"
	TotalPhysicalMemory="16154"
	LogicalProcessorsPerPhysical="1"
	ProcessorClockFrequency="3417"
	>
	<Testing>
		<StartDateTime>Oct 18 09:57 Hora oficial do Brasil</StartDateTime>
		<StartTestTime>1697633835</StartTestTime>
		<TestList/>
		<EndDateTime>Oct 18 09:57 Hora oficial do Brasil</EndDateTime>
		<EndTestTime>1697633835</EndTestTime>
		<ElapsedMinutes>0</ElapsedMinutes>
	</Testing>
</Site>
