<?xml version="1.0" encoding="UTF-8"?>
<Site BuildName="Win32-mingw32-make"
	BuildStamp="20230911-1158-Experimental"
	Name="LAPTOP-86KRD6CF"
	Generator="ctest-3.27.3"
	CompilerName="C:/ProgramData/chocolatey/bin/c++.exe"
	CompilerVersion="12.2.0"
	OSName="Windows"
	Hostname="LAPTOP-86KRD6CF"
	OSRelease=" Professional"
	OSVersion=" (Build 22621)"
	OSPlatform="AMD64"
	Is64Bits="1"
	VendorString="GenuineIntel"
	VendorID="Intel Corporation"
	FamilyID="6"
	ModelID="14"
	ProcessorCacheSize="-1"
	NumberOfLogicalCPU="8"
	NumberOfPhysicalCPU="4"
	TotalVirtualMemory="40869"
	TotalPhysicalMemory="20389"
	LogicalProcessorsPerPhysical="2"
	ProcessorClockFrequency="1992"
	>
	<Testing>
		<StartDateTime>Sep 11 08:58 Hora Padr[NON-UTF-8-BYTE-0xE3]o de Buenos Aires</StartDateTime>
		<StartTestTime>1694433501</StartTestTime>
		<TestList/>
		<EndDateTime>Sep 11 08:58 Hora Padr[NON-UTF-8-BYTE-0xE3]o de Buenos Aires</EndDateTime>
		<EndTestTime>1694433501</EndTestTime>
		<ElapsedMinutes>0</ElapsedMinutes>
	</Testing>
</Site>
